0 info it worked if it ends with ok
1 verbose cli [ 'D:\\УСТАНОВКИ\\NodeJs\\node.exe',
1 verbose cli   'D:\\УСТАНОВКИ\\NodeJs\\node_modules\\npm\\bin\\npm-cli.js',
1 verbose cli   'start' ]
2 info using npm@3.10.8
3 info using node@v6.9.1
4 verbose run-script [ 'prestart', 'start', 'poststart' ]
5 info lifecycle Decortex@0.1.0~prestart: Decortex@0.1.0
6 silly lifecycle Decortex@0.1.0~prestart: no script for prestart, continuing
7 info lifecycle Decortex@0.1.0~start: Decortex@0.1.0
8 verbose lifecycle Decortex@0.1.0~start: unsafe-perm in lifecycle true
9 verbose lifecycle Decortex@0.1.0~start: PATH: D:\УСТАНОВКИ\NodeJs\node_modules\npm\bin\node-gyp-bin;D:\GIT\Angular2\Decortex\node_modules\.bin;C:\ProgramData\Oracle\Java\javapath;C:\Windows\system32;C:\Windows;C:\Windows\System32\Wbem;C:\Windows\System32\WindowsPowerShell\v1.0\;C:\Program Files\Microsoft SQL Server\110\Tools\Binn\;C:\Program Files (x86)\Skype\Phone\;C:\Program Files (x86)\MySQL\MySQL Server 5.5\bin;D:\УСТАНОВКИ\GIT\Git\cmd;D:\УСТАНОВКИ\NodeJs\;C:\Program Files (x86)\Java\jdk1.6.0_38\bin;C:\Program Files (x86)\mingw-w64\i686-4.9.2-posix-dwarf-rt_v4-rev2\mingw32\bin;C:\Users\user\AppData\Roaming\npm
10 verbose lifecycle Decortex@0.1.0~start: CWD: D:\GIT\Angular2\Decortex
11 silly lifecycle Decortex@0.1.0~start: Args: [ '/d /s /c', 'tsc && concurrently "tsc -w" "lite-server" ' ]
12 verbose stack Error: kill ENOSYS
12 verbose stack     at exports._errnoException (util.js:1026:11)
12 verbose stack     at process.kill (internal/process.js:172:13)
12 verbose stack     at process.listener (D:\УСТАНОВКИ\NodeJs\node_modules\npm\node_modules\npmlog\node_modules\gauge\node_modules\signal-exit\index.js:86:15)
12 verbose stack     at emitNone (events.js:91:20)
12 verbose stack     at process.emit (events.js:185:7)
12 verbose stack     at processEmit (D:\УСТАНОВКИ\NodeJs\node_modules\npm\node_modules\npmlog\node_modules\gauge\node_modules\signal-exit\index.js:146:32)
12 verbose stack     at processEmit (D:\УСТАНОВКИ\NodeJs\node_modules\npm\node_modules\npm-registry-client\node_modules\npmlog\node_modules\gauge\node_modules\signal-exit\index.js:146:32)
12 verbose stack     at Signal.wrap.onsignal (internal/process.js:199:44)
13 verbose cwd D:\GIT\Angular2\Decortex
14 error Windows_NT 6.1.7601
15 error argv "D:\\УСТАНОВКИ\\NodeJs\\node.exe" "D:\\УСТАНОВКИ\\NodeJs\\node_modules\\npm\\bin\\npm-cli.js" "start"
16 error node v6.9.1
17 error npm  v3.10.8
18 error code ENOSYS
19 error errno ENOSYS
20 error syscall kill
21 error kill ENOSYS
22 error If you need help, you may report this error at:
22 error     <https://github.com/npm/npm/issues>
23 verbose exit [ 1, true ]
